<?xml version="1.0" encoding="UTF-8"?>
<cloudgraph:CloudGraphStoreMapping  
    xmlns:cloudgraph="http://www.cloudgraph.org/config">
    
    <Property name="hbase.zookeeper.quorum">u16677374.onlinehome-server.com:2181,u16551142.onlinehome-server.com:2181,u16548889.onlinehome-server.com:2181</Property>
    <Property name="hbase.zookeeper.property.clientPort">2181</Property>     

    <Property name="org.plasma.sdo.access.provider.hbase.ConnectionPoolMinSize">1</Property>    
    <Property name="org.plasma.sdo.access.provider.hbase.ConnectionPoolMaxSize">80</Property>    

    <Table name="TEST_LEXICOHASH_CODEC_TEMPORAL" dataColumnFamilyName="f1">
        <HashAlgorithm name="murmur"/>
         
        <DataGraph uri="http://cloudgraph.org/test/datatypes" type="DateTimeNode">
            <RowKeyModel>
                <RowKeyField>
                    <PredefinedField name="uri" codecType="lexicohash"/>
                </RowKeyField>
                <RowKeyField>
                    <PredefinedField name="type" codecType="lexicohash"/>
                </RowKeyField>
                <RowKeyField>
                    <UserDefinedField path="rootId" codecType="lexicohash"/>
                </RowKeyField>
                <RowKeyField>
                    <UserDefinedField path="dateTimeField" codecType="lexicohash"/>
                </RowKeyField>
            </RowKeyModel>
            
            <ColumnKeyModel>
                <ColumnKeyField name="uri" />
                <ColumnKeyField name="type"/>
                <ColumnKeyField name="property"/>
            </ColumnKeyModel>
        </DataGraph>
        
        <DataGraph uri="http://cloudgraph.org/test/datatypes" type="DateNode">
            <RowKeyModel>
                <RowKeyField>
                    <PredefinedField name="uri" codecType="lexicohash"/>
                </RowKeyField>
                <RowKeyField>
                    <PredefinedField name="type" codecType="lexicohash"/>
                </RowKeyField>
                <RowKeyField>
                    <UserDefinedField path="rootId" codecType="lexicohash"/>
                </RowKeyField>
                <RowKeyField>
                    <UserDefinedField path="dateField" codecType="lexicohash"/>
                </RowKeyField>
            </RowKeyModel>
            
            <ColumnKeyModel>
                <ColumnKeyField name="uri" />
                <ColumnKeyField name="type"/>
                <ColumnKeyField name="property"/>
            </ColumnKeyModel>
        </DataGraph>
    </Table>  

    <Table name="TEST_LEXICOHASH_CODEC_INTEGRAL" dataColumnFamilyName="f1">
        <HashAlgorithm name="murmur"/>
        
         <DataGraph uri="http://cloudgraph.org/test/datatypes" type="IntNode">
            <RowKeyModel>
                <RowKeyField>
                    <PredefinedField name="uri" codecType="lexicohash"/>
                </RowKeyField>
                <RowKeyField>
                    <PredefinedField name="type" codecType="lexicohash"/>
                </RowKeyField>
                <RowKeyField>
                    <UserDefinedField path="rootId" codecType="lexicohash"/>
                </RowKeyField>
                <RowKeyField>
                    <UserDefinedField path="intField" codecType="lexicohash"/>
                </RowKeyField>
            </RowKeyModel>
            
            <ColumnKeyModel>
                <ColumnKeyField name="uri" />
                <ColumnKeyField name="type"/>
                <ColumnKeyField name="property"/>
            </ColumnKeyModel>
        </DataGraph>
 
        <DataGraph uri="http://cloudgraph.org/test/datatypes" type="LongNode">
            <RowKeyModel>
                <RowKeyField>
                    <PredefinedField name="uri" codecType="lexicohash"/>
                </RowKeyField>
                <RowKeyField>
                    <PredefinedField name="type" codecType="lexicohash"/>
                </RowKeyField>
                <RowKeyField>
                    <UserDefinedField path="rootId" codecType="lexicohash"/>
                </RowKeyField>
                <RowKeyField>
                    <UserDefinedField path="longField" codecType="lexicohash"/>
                </RowKeyField>
            </RowKeyModel>
            
            <ColumnKeyModel>
                <ColumnKeyField name="uri" />
                <ColumnKeyField name="type"/>
                <ColumnKeyField name="property"/>
            </ColumnKeyModel>
        </DataGraph>
    </Table>  

    <Table name="TEST_LEXICOHASH_CODEC_REAL" dataColumnFamilyName="f1">
        <HashAlgorithm name="murmur"/>
        
        <DataGraph uri="http://cloudgraph.org/test/datatypes" type="FloatNode">
            <RowKeyModel>
                <!--  
                <RowKeyField>
                    <PredefinedField name="uri" />
                </RowKeyField>
                <RowKeyField>
                    <PredefinedField name="type" />
                </RowKeyField>
                -->
                <RowKeyField>
                    <UserDefinedField path="rootId" codecType="lexicohash"/>
                </RowKeyField>
                <RowKeyField>
                    <UserDefinedField path="floatField" codecType="lexicohash"/>
                </RowKeyField>
                
            </RowKeyModel>
            
            <ColumnKeyModel>
                <ColumnKeyField name="uri" />
                <ColumnKeyField name="type"/>
                <ColumnKeyField name="property"/>
            </ColumnKeyModel>
        </DataGraph>
    </Table>  

    <Table name="TEST_LEXICOHASH_CODEC_STRING" dataColumnFamilyName="f1">
        <HashAlgorithm name="murmur"/>
        <DataGraph uri="http://cloudgraph.org/test/datatypes" type="StringNode">
            <RowKeyModel>
                <RowKeyField>
                    <PredefinedField name="uri" codecType="lexicohash"/>
                </RowKeyField>
                <RowKeyField>
                    <PredefinedField name="type" codecType="lexicohash"/>
                </RowKeyField>
                <RowKeyField>
                    <UserDefinedField path="rootId" codecType="lexicohash"/>
                </RowKeyField>
                <RowKeyField>    
                    <UserDefinedField path="stringField" codecType="lexicohash"/>
                </RowKeyField>
            </RowKeyModel>
            
            <ColumnKeyModel>
                <ColumnKeyField name="uri" />
                <ColumnKeyField name="type"/>
                <ColumnKeyField name="property"/>
            </ColumnKeyModel>
        </DataGraph>

    </Table>  
         
            
    
</cloudgraph:CloudGraphStoreMapping>