<?xml version="1.0" encoding="UTF-8"?>
<cloudgraph:CloudGraphStoreMapping  
    xmlns:cloudgraph="http://www.cloudgraph.org/config">
    <Property name="hbase.zookeeper.quorum">192.168.0.65:2181</Property>
    <Property name="hbase.zookeeper.property.clientPort">2181</Property>     

    <Property name="org.plasma.sdo.access.provider.hbase.ConnectionPoolMinSize">1</Property>    
    <Property name="org.plasma.sdo.access.provider.hbase.ConnectionPoolMaxSize">80</Property>    

 
         
    <Table name="TEST_WIDE_ROW" tableVolumeName="testtenant"  namespace="widerow" dataColumnFamilyName="f1">
        <HashAlgorithm name="murmur32"/>
        <DataGraph uri="http://cloudgraph.org/test/socialgraph/actor" type="Actor">
            <RowKeyModel>
                <RowKeyField>
                    <MetaField name="uri" />
                </RowKeyField>
                <RowKeyField>
                    <MetaField name="type" />
                </RowKeyField>
                <RowKeyField>
                    <DataField path="name"/>
                </RowKeyField>
            </RowKeyModel>
            
            <ColumnKeyModel>
                <ColumnKeyField name="uri"/>
                <ColumnKeyField name="type"/>
                <ColumnKeyField name="property"/>
            </ColumnKeyModel>
        </DataGraph>

    </Table>  
            
    
</cloudgraph:CloudGraphStoreMapping>