<?xml version="1.0" encoding="UTF-8"?>
<cloudgraph:CloudGraphStoreMapping  
    xmlns:cloudgraph="http://www.cloudgraph.org/config">
    
    <Property name="hbase.zookeeper.quorum">192.168.1.131:2181</Property>
    <Property name="hbase.zookeeper.property.clientPort">2181</Property>     
     

    <Property name="org.plasma.sdo.access.provider.hbase.ConnectionPoolMinSize">1</Property>    
    <Property name="org.plasma.sdo.access.provider.hbase.ConnectionPoolMaxSize">80</Property>    
 
         
    <Table name="TEST_ACTOR" dataColumnFamilyName="f1">
        <HashAlgorithm name="murmur32"/>
        <DataGraph uri="http://cloudgraph.org/test/socialgraph/actor" type="Actor">
            <RowKeyModel>
                <RowKeyField>
                    <MetaField name="type" />
                </RowKeyField>
                <RowKeyField>
                    <DataField path="name"/>
                </RowKeyField>
            </RowKeyModel>
            
            <ColumnKeyModel>
                <ColumnKeyField name="pkg"/>
                <ColumnKeyField name="type"/>
                <ColumnKeyField name="property"/>
            </ColumnKeyModel>
        </DataGraph>
    </Table>  
    <Table name="TEST_STORY" dataColumnFamilyName="f1">
        <HashAlgorithm name="murmur32"/>
        <DataGraph uri="http://cloudgraph.org/test/socialgraph/story" type="Blog">
            <RowKeyModel>
                <RowKeyField>
                    <MetaField name="type" />
                </RowKeyField>
                <RowKeyField>
                    <DataField path="name"/>
                </RowKeyField>
                <RowKeyField>
                    <DataField path="id" />
                </RowKeyField>
            </RowKeyModel>
            
            <ColumnKeyModel>
                <ColumnKeyField name="pkg"/>
                <ColumnKeyField name="type"/>
                <ColumnKeyField name="property"/>
            </ColumnKeyModel>
        </DataGraph>
    </Table>  
    <Table name="TEST_MEDIA" dataColumnFamilyName="f1">
        <HashAlgorithm name="murmur32"/>
        <DataGraph uri="http://cloudgraph.org/test/socialgraph/actor" type="Photo">
            <RowKeyModel>
                <RowKeyField>
                    <MetaField name="type" />
                </RowKeyField>
                <RowKeyField>
                    <DataField path="name"/>
                </RowKeyField>
                <RowKeyField>
                    <DataField path="id" />
                </RowKeyField>
            </RowKeyModel>
            
            <ColumnKeyModel>
                <ColumnKeyField name="pkg"/>
                <ColumnKeyField name="type"/>
                <ColumnKeyField name="property"/>
            </ColumnKeyModel>
        </DataGraph>

    </Table>  

    <Table name="TEST_TOPIC" dataColumnFamilyName="f1">
        <HashAlgorithm name="murmur32"/>
        <DataGraph uri="http://cloudgraph.org/test/socialgraph/actor" type="Topic">
            <RowKeyModel>
                <RowKeyField>
                    <MetaField name="type" />
                </RowKeyField>
                <RowKeyField>
                    <DataField path="name"/>
                </RowKeyField>
                <RowKeyField>
                    <DataField path="id" />
                </RowKeyField>
            </RowKeyModel>
            
            <ColumnKeyModel>
                <ColumnKeyField name="pkg"/>
                <ColumnKeyField name="type"/>
                <ColumnKeyField name="property"/>
            </ColumnKeyModel>
        </DataGraph>

    </Table>  
 
    <Table name="TEST_PARTIAL_KEY_TEMPORAL" dataColumnFamilyName="f1">
        <HashAlgorithm name="murmur32"/>
         
        <DataGraph uri="http://cloudgraph.org/test/datatypes" type="DateTimeNode">
            <RowKeyModel>
                <RowKeyField>
                    <MetaField name="uri" />
                </RowKeyField>
                <RowKeyField>
                    <MetaField name="type" />
                </RowKeyField>
                <RowKeyField>
                    <DataField path="dateTimeField"/>
                </RowKeyField>
            </RowKeyModel>
            
            <ColumnKeyModel>
                <ColumnKeyField name="pkg"/>
                <ColumnKeyField name="type"/>
                <ColumnKeyField name="property"/>
            </ColumnKeyModel>
        </DataGraph>
        
        <DataGraph uri="http://cloudgraph.org/test/datatypes" type="DateNode">
            <RowKeyModel>
                <RowKeyField>
                    <MetaField name="uri" />
                </RowKeyField>
                <RowKeyField>
                    <MetaField name="type" />
                </RowKeyField>
                <RowKeyField>
                    <DataField path="dateField" />
                </RowKeyField>
            </RowKeyModel>
            
            <ColumnKeyModel>
                <ColumnKeyField name="pkg"/>
                <ColumnKeyField name="type"/>
                <ColumnKeyField name="property"/>
            </ColumnKeyModel>
        </DataGraph>
    </Table>  
    
</cloudgraph:CloudGraphStoreMapping>